<?xml version="1.0" encoding="UTF-8"?>
<!-- Generated by org.testng.reporters.JUnitReportReporter -->
<testsuite hostname="PP-C02FD3BKMD6M" failures="0" tests="4" name="qualiwebautopro.Search" time="25.408" errors="0" timestamp="2023-11-28T17:19:11 IST" skipped="0">
  <testcase classname="qualiwebautopro.Search" name="searchthePresentItem" time="5.478"/>
  <testcase classname="qualiwebautopro.Search" name="searchwhichisNotPresentitem" time="7.327"/>
  <testcase classname="qualiwebautopro.Search" name="searchwithempyfield" time="4.922"/>
  <testcase classname="qualiwebautopro.Search" name="seachingHPlaptopandAddTocart" time="7.681"/>
</testsuite> <!-- qualiwebautopro.Search -->
